Info: DeliveryProcess:ciclo: 705 mini seconds publishing element
Info: DeliveryProcess:ciclo: 913 mini seconds publishing process specific layout data
Info: Phase:Verificacao: 527 mini seconds publishing element
Info: Activity:estrategia de validacao: 266 mini seconds publishing element
Info: Task:definir_estrategia_de_verificacao: 15 mini seconds publishing element
Info: TaskDescriptor:definir_estrategia_de_verificacao: 63 mini seconds publishing element
Info: Role:lider_de_teste: 47 mini seconds publishing element
Info: RoleDescriptor:lider_de_teste: 46 mini seconds publishing element
Info: Artifact:definir_estrategia_de_verificacao: 16 mini seconds publishing element
Info: WorkProductDescriptor:definir_estrategia_de_verificacao: 47 mini seconds publishing element
Info: Artifact:estrategia_de_verificacao_definida: 15 mini seconds publishing element
Info: WorkProductDescriptor:estrategia_de_verificacao_definida: 16 mini seconds publishing element
Info: Task:definir_ferramentas: 16 mini seconds publishing element
Info: TaskDescriptor:definir_ferramentas: 15 mini seconds publishing element
Info: Role:lider_de_teste: 32 mini seconds publishing element
Info: RoleDescriptor:lider_de_teste: 24 mini seconds publishing element
Info: Artifact:definicao_das_ferramentas_de_apoio: 19 mini seconds publishing element
Info: WorkProductDescriptor:definicao_das_ferramentas_de_apoio: 6 mini seconds publishing element
Info: Artifact:definidas_as_ferramentas_de_apoio: 16 mini seconds publishing element
Info: WorkProductDescriptor:definidas_as_ferramentas_de_apoio: 15 mini seconds publishing element
Info: Task:revisao_por_pares_e_testes: 16 mini seconds publishing element
Info: TaskDescriptor:revisao_por_pares_e_testes: 47 mini seconds publishing element
Info: Artifact:identificar_metodos_de_verificacao: 0 mini seconds publishing element
Info: WorkProductDescriptor:identificar_metodos_de_verificacao: 15 mini seconds publishing element
Info: Artifact:revisao_documentada_por_pares_de_teste: 16 mini seconds publishing element
Info: WorkProductDescriptor:revisao_documentada_por_pares_de_teste: 46 mini seconds publishing element
Info: Activity:identificação dos produtos para verificaçao: 250 mini seconds publishing element
Info: Task:analisar_produtos_de_trabalho: 16 mini seconds publishing element
Info: TaskDescriptor:analisar_produtos_de_trabalho: 15 mini seconds publishing element
Info: Role:gerente_de_teste: 55 mini seconds publishing element
Info: RoleDescriptor:gerente_de_teste: 41 mini seconds publishing element
Info: Artifact:produtos_para_serem_analidados_que_serao_produzidos_ao_longo_do_projeto: 0 mini seconds publishing element
Info: WorkProductDescriptor:produtos_para_serem_analidados_que_serao_produzidos_ao_longo_do_projeto: 46 mini seconds publishing element
Info: Artifact:produtos_de_trabalho_analisados: 16 mini seconds publishing element
Info: WorkProductDescriptor:produtos_de_trabalho_analisados: 47 mini seconds publishing element
Info: Task:estrategia_de_selecao: 16 mini seconds publishing element
Info: TaskDescriptor:estrategia_de_selecao: 0 mini seconds publishing element
Info: Artifact:estabelecer_uma_boa_estrategia_de_selecao: 15 mini seconds publishing element
Info: WorkProductDescriptor:estabelecer_uma_boa_estrategia_de_selecao: 0 mini seconds publishing element
Info: Artifact:definicao_da_estrategia_de_selecao: 16 mini seconds publishing element
Info: WorkProductDescriptor:definicao_da_estrategia_de_selecao: 15 mini seconds publishing element
Info: Task:selecionar_produtos_para_verficacao: 0 mini seconds publishing element
Info: TaskDescriptor:selecionar_produtos_para_verficacao: 47 mini seconds publishing element
Info: Artifact:selecao_dos_produtos_para_serem_verificados_: 16 mini seconds publishing element
Info: WorkProductDescriptor:selecao_dos_produtos_para_serem_verificados_: 0 mini seconds publishing element
Info: Artifact:produtos_verificados: 15 mini seconds publishing element
Info: WorkProductDescriptor:produtos_verificados: 79 mini seconds publishing element
Info: Activity:analise_de_resultados_da_vericacao: 330 mini seconds publishing element
Info: Task:analise_dos_resultados: 16 mini seconds publishing element
Info: TaskDescriptor:analise_dos_resultados: 47 mini seconds publishing element
Info: Role:analista_de_teste: 46 mini seconds publishing element
Info: RoleDescriptor:analista_de_teste: 16 mini seconds publishing element
Info: Artifact:resultados_das_atividades_execultadas: 16 mini seconds publishing element
Info: WorkProductDescriptor:resultados_das_atividades_execultadas: 0 mini seconds publishing element
Info: Artifact:resultado_na_analise: 15 mini seconds publishing element
Info: WorkProductDescriptor:resultado_na_analise: 47 mini seconds publishing element
Info: Task:disponibilizacao_ao_cliente: 16 mini seconds publishing element
Info: TaskDescriptor:disponibilizacao_ao_cliente: 47 mini seconds publishing element
Info: Artifact:entrar_em_contado_com_os_clientesrepresentantes: 0 mini seconds publishing element
Info: WorkProductDescriptor:entrar_em_contado_com_os_clientesrepresentantes: 47 mini seconds publishing element
Info: Artifact:resposta_do_cliente_sobre_o_produto: 15 mini seconds publishing element
Info: WorkProductDescriptor:resposta_do_cliente_sobre_o_produto: 16 mini seconds publishing element
Info: Task:resultado_final_da_analise: 20 mini seconds publishing element
Info: TaskDescriptor:resultado_final_da_analise: 11 mini seconds publishing element
Info: Artifact:analise_de_laudos_de_verificacao: 17 mini seconds publishing element
Info: WorkProductDescriptor:analise_de_laudos_de_verificacao: 0 mini seconds publishing element
Info: Artifact:relatorio_de_testes: 16 mini seconds publishing element
Info: WorkProductDescriptor:relatorio_de_testes: 15 mini seconds publishing element
Info: Artifact:resultados_do_protudo: 16 mini seconds publishing element
Info: WorkProductDescriptor:resultados_do_protudo: 0 mini seconds publishing element
Info: Activity:criterios-eVericacao: 312 mini seconds publishing element
Info: Task:denfinir_criterios: 16 mini seconds publishing element
Info: TaskDescriptor:denfinir_criterios: 47 mini seconds publishing element
Info: Role:lider_de_teste: 31 mini seconds publishing element
Info: RoleDescriptor:lider_de_teste: 16 mini seconds publishing element
Info: Artifact:definicao_dos_criterios: 0 mini seconds publishing element
Info: WorkProductDescriptor:definicao_dos_criterios: 15 mini seconds publishing element
Info: Artifact:resultado_dos_criterios_: 0 mini seconds publishing element
Info: WorkProductDescriptor:resultado_dos_criterios_: 22 mini seconds publishing element
Info: Task:metricas: 18 mini seconds publishing element
Info: TaskDescriptor:metricas: 40 mini seconds publishing element
Info: Artifact:estabelecer_metricas: 15 mini seconds publishing element
Info: WorkProductDescriptor:estabelecer_metricas: 16 mini seconds publishing element
Info: Artifact:resultado_das_metricas_para_verificar_criterios_atendidos: 16 mini seconds publishing element
Info: WorkProductDescriptor:resultado_das_metricas_para_verificar_criterios_atendidos: 47 mini seconds publishing element
Info: Task:preparacao_do_ambiente: 15 mini seconds publishing element
Info: TaskDescriptor:preparacao_do_ambiente: 0 mini seconds publishing element
Info: Artifact:verificar_recursos: 16 mini seconds publishing element
Info: WorkProductDescriptor:verificar_recursos: 0 mini seconds publishing element
Info: Artifact:todos_os_recursos_necessarios_para_a_execulcao_da_atividade: 15 mini seconds publishing element
Info: WorkProductDescriptor:todos_os_recursos_necessarios_para_a_execulcao_da_atividade: 16 mini seconds publishing element
Info: Activity:execuca_: 250 mini seconds publishing element
Info: Task:atividades_de_verifacao: 16 mini seconds publishing element
Info: TaskDescriptor:atividades_de_verifacao: 53 mini seconds publishing element
Info: Role:analista_de_teste: 26 mini seconds publishing element
Info: RoleDescriptor:analista_de_teste: 16 mini seconds publishing element
Info: Artifact:planejamento_criado: 0 mini seconds publishing element
Info: WorkProductDescriptor:planejamento_criado: 16 mini seconds publishing element
Info: Artifact:resultado_da_execucao: 15 mini seconds publishing element
Info: WorkProductDescriptor:resultado_da_execucao: 16 mini seconds publishing element
Info: Task:planejamento: 15 mini seconds publishing element
Info: TaskDescriptor:planejamento: 0 mini seconds publishing element
Info: Artifact:requisitos_para_a_ativadade_realizada: 16 mini seconds publishing element
Info: WorkProductDescriptor:requisitos_para_a_ativadade_realizada: 16 mini seconds publishing element
Info: Task:revisao_por_pares_e_testes: 0 mini seconds publishing element
Info: TaskDescriptor:revisao_por_pares_e_testes: 15 mini seconds publishing element
Info: Artifact:resultado_da_revisao: 0 mini seconds publishing element
Info: WorkProductDescriptor:resultado_da_revisao: 47 mini seconds publishing element
Info: Phase:Validacao: 550 mini seconds publishing element
Info: Activity:identificacao dos produtos: 234 mini seconds publishing element
Info: Task:criterios_de_selecao: 16 mini seconds publishing element
Info: TaskDescriptor:criterios_de_selecao: 46 mini seconds publishing element
Info: Role:gerente_de_teste: 48 mini seconds publishing element
Info: RoleDescriptor:gerente_de_teste: 31 mini seconds publishing element
Info: Artifact:definicao_dos_criterios_de_selecao_dos_produtos._1: 16 mini seconds publishing element
Info: WorkProductDescriptor:definicao_dos_criterios_de_selecao_dos_produtos._1: 47 mini seconds publishing element
Info: Artifact:criterios_estabelecidos_para_selecao_dos_produtos_de_validacao: 0 mini seconds publishing element
Info: WorkProductDescriptor:criterios_estabelecidos_para_selecao_dos_produtos_de_validacao: 15 mini seconds publishing element
Info: Task:lista_dos_mais_validados: 16 mini seconds publishing element
Info: TaskDescriptor:lista_dos_mais_validados: 47 mini seconds publishing element
Info: Artifact:lista_de_produtos_validados: 0 mini seconds publishing element
Info: WorkProductDescriptor:lista_de_produtos_validados: 47 mini seconds publishing element
Info: Artifact:lista_com_os_produtos_mais_validados: 31 mini seconds publishing element
Info: WorkProductDescriptor:lista_com_os_produtos_mais_validados: 31 mini seconds publishing element
Info: Task:selecionar_segundo_os_criterios: 16 mini seconds publishing element
Info: TaskDescriptor:selecionar_segundo_os_criterios: 16 mini seconds publishing element
Info: Artifact:criterios_definidos_para_selecao: 15 mini seconds publishing element
Info: WorkProductDescriptor:criterios_definidos_para_selecao: 0 mini seconds publishing element
Info: Artifact:selecao_dos_produtos_pelo_criterio: 16 mini seconds publishing element
Info: WorkProductDescriptor:selecao_dos_produtos_pelo_criterio: 47 mini seconds publishing element
Info: Activity:jj: 409 mini seconds publishing element
Info: Task:criar_plano_de_projeto: 15 mini seconds publishing element
Info: TaskDescriptor:criar_plano_de_projeto: 16 mini seconds publishing element
Info: RoleDescriptor:lider_de_teste: 15 mini seconds publishing element
Info: Artifact:criar_plano_de_projeto: 0 mini seconds publishing element
Info: WorkProductDescriptor:criar_plano_de_projeto: 47 mini seconds publishing element
Info: Artifact:plano_de_projeto_criado: 0 mini seconds publishing element
Info: WorkProductDescriptor:plano_de_projeto_criado: 16 mini seconds publishing element
Info: Task:criar_prototipos: 16 mini seconds publishing element
Info: TaskDescriptor:criar_prototipos: 46 mini seconds publishing element
Info: Artifact:validar_por_prototipacao: 16 mini seconds publishing element
Info: WorkProductDescriptor:validar_por_prototipacao: 0 mini seconds publishing element
Info: Artifact:prototipos_para_validacao_criados: 16 mini seconds publishing element
Info: WorkProductDescriptor:prototipos_para_validacao_criados: 15 mini seconds publishing element
Info: Task:cronograma_de_atividades: 21 mini seconds publishing element
Info: TaskDescriptor:cronograma_de_atividades: 28 mini seconds publishing element
Info: Artifact:planejamento_do_conograma_das_atividades_: 0 mini seconds publishing element
Info: WorkProductDescriptor:planejamento_do_conograma_das_atividades_: 15 mini seconds publishing element
Info: Artifact:definicao_do_conograma: 0 mini seconds publishing element
Info: WorkProductDescriptor:definicao_do_conograma: 16 mini seconds publishing element
Info: Task:planejamento_espefico_: 15 mini seconds publishing element
Info: TaskDescriptor:planejamento_espefico_: 16 mini seconds publishing element
Info: Artifact:planejamento_do_que_sera_feito: 16 mini seconds publishing element
Info: WorkProductDescriptor:planejamento_do_que_sera_feito: 15 mini seconds publishing element
Info: Artifact:definicao_do_planejamento_: 0 mini seconds publishing element
Info: WorkProductDescriptor:definicao_do_planejamento_: 47 mini seconds publishing element
Info: Task:recursos: 16 mini seconds publishing element
Info: TaskDescriptor:recursos: 15 mini seconds publishing element
Info: Artifact:recursos_que_serao_necesarios_para_a_execucao_do_processo: 0 mini seconds publishing element
Info: WorkProductDescriptor:recursos_que_serao_necesarios_para_a_execucao_do_processo: 47 mini seconds publishing element
Info: Artifact:recursos_definidos: 16 mini seconds publishing element
Info: WorkProductDescriptor:recursos_definidos: 31 mini seconds publishing element
Info: Activity:ll: 203 mini seconds publishing element
Info: Task:denfinir_criterios: 32 mini seconds publishing element
Info: TaskDescriptor:denfinir_criterios: 32 mini seconds publishing element
Info: Role:lider_de_teste: 47 mini seconds publishing element
Info: RoleDescriptor:lider_de_teste: 31 mini seconds publishing element
Info: Artifact:definicao_dos_criterios: 32 mini seconds publishing element
Info: WorkProductDescriptor:definicao_dos_criterios: 0 mini seconds publishing element
Info: Artifact:resultado_dos_criterios_: 31 mini seconds publishing element
Info: WorkProductDescriptor:resultado_dos_criterios_: 0 mini seconds publishing element
Info: Task:metricas: 15 mini seconds publishing element
Info: TaskDescriptor:metricas: 47 mini seconds publishing element
Info: Artifact:estabelecer_metricas: 16 mini seconds publishing element
Info: WorkProductDescriptor:estabelecer_metricas: 31 mini seconds publishing element
Info: Artifact:resultado_das_metricas_para_verificar_criterios_atendidos: 16 mini seconds publishing element
Info: WorkProductDescriptor:resultado_das_metricas_para_verificar_criterios_atendidos: 47 mini seconds publishing element
Info: Activity:analise de resultados da validacao: 264 mini seconds publishing element
Info: Task:analise_dos_resultados: 29 mini seconds publishing element
Info: TaskDescriptor:analise_dos_resultados: 53 mini seconds publishing element
Info: RoleDescriptor:analista_de_teste: 55 mini seconds publishing element
Info: Artifact:resultados_das_atividades_execultadas: 12 mini seconds publishing element
Info: WorkProductDescriptor:resultados_das_atividades_execultadas: 12 mini seconds publishing element
Info: Artifact:resultado_na_analise: 8 mini seconds publishing element
Info: WorkProductDescriptor:resultado_na_analise: 50 mini seconds publishing element
Info: Task:disponibilizacao_ao_cliente_: 22 mini seconds publishing element
Info: TaskDescriptor:disponibilizacao_ao_cliente_: 50 mini seconds publishing element
Info: Role:arquiteto_de_teste: 45 mini seconds publishing element
Info: RoleDescriptor:arquiteto_de_teste: 19 mini seconds publishing element
Info: Artifact:entrar_em_contado_com_os_clientesrepresentantes: 22 mini seconds publishing element
Info: WorkProductDescriptor:entrar_em_contado_com_os_clientesrepresentantes: 15 mini seconds publishing element
Info: Artifact:resposta_do_cliente_sobre_o_produto: 8 mini seconds publishing element
Info: WorkProductDescriptor:resposta_do_cliente_sobre_o_produto: 11 mini seconds publishing element
Info: Task:resultado_final_da_analise: 14 mini seconds publishing element
Info: TaskDescriptor:resultado_final_da_analise: 12 mini seconds publishing element
Info: Artifact:analise_de_laudos_de_avaliacao: 23 mini seconds publishing element
Info: WorkProductDescriptor:analise_de_laudos_de_avaliacao: 53 mini seconds publishing element
Info: Artifact:relatorio_de_testes: 22 mini seconds publishing element
Info: WorkProductDescriptor:relatorio_de_testes: 10 mini seconds publishing element
Info: Artifact:resultados_do_protudo: 11 mini seconds publishing element
Info: WorkProductDescriptor:resultados_do_protudo: 46 mini seconds publishing element
Info: Activity:execucao da avaliacao: 302 mini seconds publishing element
Info: Task:avalidacao_dos_resultados: 11 mini seconds publishing element
Info: TaskDescriptor:avalidacao_dos_resultados: 63 mini seconds publishing element
Info: Role:analista_de_teste: 46 mini seconds publishing element
Info: RoleDescriptor:analista_de_teste: 16 mini seconds publishing element
Info: Artifact:resultado_da_execucao: 31 mini seconds publishing element
Info: WorkProductDescriptor:resultado_da_execucao: 16 mini seconds publishing element
Info: Artifact:registro_do_resultados_das_avaliacoes: 15 mini seconds publishing element
Info: WorkProductDescriptor:registro_do_resultados_das_avaliacoes: 63 mini seconds publishing element
Info: Task:execucao: 0 mini seconds publishing element
Info: TaskDescriptor:execucao: 15 mini seconds publishing element
Info: Artifact:planejamento_de_testes_criado: 16 mini seconds publishing element
Info: WorkProductDescriptor:planejamento_de_testes_criado: 0 mini seconds publishing element
Info: Artifact:resultado_dos_projeto_de_casos_de_testes_: 15 mini seconds publishing element
Info: WorkProductDescriptor:resultado_dos_projeto_de_casos_de_testes_: 16 mini seconds publishing element
Info: Task:planejamento: 0 mini seconds publishing element
Info: TaskDescriptor:planejamento: 16 mini seconds publishing element
Info: Artifact:organizar_a_realizacao_dos_testes: 15 mini seconds publishing element
Info: WorkProductDescriptor:organizar_a_realizacao_dos_testes: 16 mini seconds publishing element
Info: Task:projeto_de_caso_de_teste: 0 mini seconds publishing element
Info: TaskDescriptor:projeto_de_caso_de_teste: 47 mini seconds publishing element
Info: CustomCategory:Processo de Testes baseado no nível D do MPS-BR: 15 mini seconds publishing element
Info: : Publishing time: 0 minutes 12 seconds
